<?xml version="1.0" encoding="UTF-8"?>
<!-- Generated by org.testng.reporters.JUnitReportReporter -->
<testsuite skipped="0" hostname="Friends-PC" name="com.automation.testCases.ETestCase003" tests="5" failures="0" timestamp="2020-07-02T18:28:19 EDT" time="45.274" errors="0">
  <testcase name="loginAutofailed1" time="16.150" classname="com.automation.testCases.ETestCase003"/>
  <system-out/>
  <testcase name="loginAutofailed2" time="7.176" classname="com.automation.testCases.ETestCase003"/>
  <system-out/>
  <testcase name="loginAutofailed3" time="7.385" classname="com.automation.testCases.ETestCase003"/>
  <system-out/>
  <testcase name="loginAutofailed4" time="7.105" classname="com.automation.testCases.ETestCase003"/>
  <system-out/>
  <testcase name="loginSuccess" time="7.458" classname="com.automation.testCases.ETestCase003"/>
  <system-out/>
</testsuite> <!-- com.automation.testCases.ETestCase003 -->
