<?xml version="1.0" encoding="UTF-8"?>
<!-- Generated by org.testng.reporters.JUnitReportReporter -->
<testsuite skipped="0" hostname="Friends-PC" name="com.automation.testCases.ETestCase00" tests="1" failures="0" timestamp="2020-06-27T16:57:14 EDT" time="5.179" errors="0">
  <testcase name="signup" time="5.179" classname="com.automation.testCases.ETestCase00"/>
  <system-out/>
</testsuite> <!-- com.automation.testCases.ETestCase00 -->
